C51 COMPILER V9.01   MAIN                                                                  03/24/2021 18:48:04 PAGE 1   


C51 COMPILER V9.01, COMPILATION OF MODULE MAIN
OBJECT MODULE PLACED IN main.OBJ
COMPILER INVOKED BY: E:\Program_Soft\C51Keil\C51\BIN\C51.EXE main.c BROWSE DEBUG OBJECTEXTEND

line level    source

   1          #include "reg52.h"
   2          
   3          // 重定义
   4          typedef unsigned char u8;
   5          typedef unsigned int u16;
   6          
   7          sbit led = P2^0;  // D1 指示灯
   8          sbit k1 = P3^1; //按键接在 P31的口子
   9          
  10          
  11           void delay(u16 i){
  12   1                while(i--);
  13   1       }
  14          
  15          
  16           void keypros(){
  17   1               if(k1==0){
  18   2                      // 对基础的同学消抖处理
  19   2                      delay(1000); //10ms
  20   2                      if(k1==0){
  21   3                              led = ~led;      //取反
  22   3                      }
  23   2                      // 按键松开
  24   2                      while(!k1);
  25   2               }
  26   1       }
  27          
  28          void main(){
  29   1          while(1){
  30   2                      keypros();                      
  31   2              }
  32   1      }
  33          


MODULE INFORMATION:   STATIC OVERLAYABLE
   CODE SIZE        =     35    ----
   CONSTANT SIZE    =   ----    ----
   XDATA SIZE       =   ----    ----
   PDATA SIZE       =   ----    ----
   DATA SIZE        =   ----    ----
   IDATA SIZE       =   ----    ----
   BIT SIZE         =   ----    ----
END OF MODULE INFORMATION.


C51 COMPILATION COMPLETE.  0 WARNING(S),  0 ERROR(S)
