C51 COMPILER V9.01   MAIN                                                                  03/20/2021 19:00:24 PAGE 1   


C51 COMPILER V9.01, COMPILATION OF MODULE MAIN
OBJECT MODULE PLACED IN main.OBJ
COMPILER INVOKED BY: E:\Program_Soft\C51Keil\C51\BIN\C51.EXE main.c BROWSE DEBUG OBJECTEXTEND

line level    source

   1          #include "reg52.h"
   2          #include <intrins.h>
   3          
   4          typedef unsigned char u8;
   5          typedef unsigned int u16;
   6          
   7          #define led P2
   8          
   9          //延时函数
  10          void delay(u16 i){
  11   1              while(i--);     
  12   1      }
  13          
  14          
  15          void main(){
  16   1              u8 i = 0;
  17   1              
  18   1              led = 0xfe; // 1111 1110
  19   1              delay(50000);
  20   1              // 大的循环体里面 无线循环
  21   1          while(1){
  22   2                      u8 j = 0;
  23   2                      for(i=0;i<7;i++){
  24   3                              if(i%2!=0){
  25   4                                      led=_crol_(led,1);  //0xfe 1111 1110 -> 1111 1101
  26   4                                      delay(50000);
  27   4                              }else{
  28   4                                      led=_cror_(led,1);  //0xfe 1111 1110 -> 1111 1101
  29   4                                      delay(50000);   
  30   4                              }
  31   3                      }
  32   2      
  33   2                      /*for(i=0;i<7;i++){
  34   2                              if(i%2 == 0){
  35   2                                      led=_cror_(led,2);  //0xfe 0111 1111 -> 1011 1111
  36   2                                      delay(50000);
  37   2                              }
  38   2                      }*/                                             
  39   2              }
  40   1      }


MODULE INFORMATION:   STATIC OVERLAYABLE
   CODE SIZE        =     70    ----
   CONSTANT SIZE    =   ----    ----
   XDATA SIZE       =   ----    ----
   PDATA SIZE       =   ----    ----
   DATA SIZE        =   ----       1
   IDATA SIZE       =   ----    ----
   BIT SIZE         =   ----    ----
END OF MODULE INFORMATION.


C51 COMPILATION COMPLETE.  0 WARNING(S),  0 ERROR(S)
