C51 COMPILER V9.01   MAIN                                                                  04/05/2021 13:32:05 PAGE 1   


C51 COMPILER V9.01, COMPILATION OF MODULE MAIN
OBJECT MODULE PLACED IN main.OBJ
COMPILER INVOKED BY: E:\Program_Soft\C51Keil\C51\BIN\C51.EXE main.c BROWSE DEBUG OBJECTEXTEND

line level    source

   1          #include "reg52.h"
   2          #include "i2c.h"
   3          
   4          // 重定义
   5          typedef unsigned char u8;
   6          typedef unsigned int u16;
   7          
   8          sbit k1=P3^1;
   9          sbit k2=P3^0;
  10          sbit k3=P3^2;
  11          sbit k4=P3^3;
  12          
  13          sbit LSA=P2^2;
  14          sbit LSB=P2^3;
  15          sbit LSC=P2^4;
  16          
  17          
  18          u8 code smgduan[10]={0x3f,0x06,0x5b,0x4f,0x66,0x6d,0x7d,0x07
  19          ,0x7f,0x6f};   //0-9的值
  20          
  21          u8 num=0, disp[4];
  22          
  23          void delay(u16 i){
  24   1              while(i--);
  25   1      }
  26          
  27          void Keypros(){
  28   1              //数据保存
  29   1              if(k1==0){
  30   2                      delay(1000);
  31   2                      if(k1==0){
  32   3                              At24c02Write(1,num);
  33   3                      }
  34   2                      while(!k1);
  35   2              }
  36   1              //数据读取
  37   1              if(k2==0){
  38   2                      delay(1000);
  39   2                      if(k2==0){
  40   3                              num = At24c02Read(1);
  41   3                      }
  42   2                      while(!k2);
  43   2              }
  44   1      
  45   1              if(k3==0){
  46   2                      delay(1000);
  47   2                      if(k3==0){
  48   3                              num++;
  49   3                              if(num>255)num=0;
  50   3                      }
  51   2                      while(!k3);
  52   2              }
  53   1      
  54   1              if(k4==0){
  55   2                      delay(1000);
C51 COMPILER V9.01   MAIN                                                                  04/05/2021 13:32:05 PAGE 2   

  56   2                      if(k4==0){
  57   3                              num=0;
  58   3                      }
  59   2                      while(!k4);
  60   2              }
  61   1      }
  62          
  63          void Datapros(){
  64   1              disp[0]=smgduan[num/1000];      //1200 2
  65   1              disp[1]=smgduan[num%1000/100];
  66   1              disp[2]=smgduan[num%1000%100/10]; //10位
  67   1              disp[3]=smgduan[num%1000%100%10]; //个位        
  68   1      }
  69          
  70          void DigDisplay(){
  71   1              u8 i;
  72   1              for(i=0; i<4;i++){
  73   2                      switch(i){
  74   3                              case 0: //0
  75   3                                LSA=0;
  76   3                                LSB=0;
  77   3                                LSC=0;
  78   3                              break;
  79   3      
  80   3                              case 1:
  81   3                                LSA=1;
  82   3                                LSB=0;
  83   3                                LSC=0;
  84   3                              break;
  85   3      
  86   3                              case 2:
  87   3                                LSA=0;
  88   3                                LSB=1;
  89   3                                LSC=0;
  90   3                              break;
  91   3      
  92   3                              case 3:
  93   3                                LSA=1;
  94   3                                LSB=1;
  95   3                                LSC=0;
  96   3                              break;
  97   3                      }
  98   2      
  99   2                      P0=disp[3-i]; //发送断码
 100   2                      delay(100); //1ms
 101   2                      //消隐 不然显示错误
 102   2                      P0=0x00;
 103   2              }
 104   1      } 
 105          
 106          void main(){
 107   1              
 108   1          while(1){
 109   2                      Keypros();
 110   2                      Datapros();
 111   2                      DigDisplay();
 112   2              }
 113   1      }
 114          
 115          
 116          

C51 COMPILER V9.01   MAIN                                                                  04/05/2021 13:32:05 PAGE 3   


MODULE INFORMATION:   STATIC OVERLAYABLE
   CODE SIZE        =    300    ----
   CONSTANT SIZE    =     10    ----
   XDATA SIZE       =   ----    ----
   PDATA SIZE       =   ----    ----
   DATA SIZE        =      5    ----
   IDATA SIZE       =   ----    ----
   BIT SIZE         =   ----    ----
END OF MODULE INFORMATION.


C51 COMPILATION COMPLETE.  0 WARNING(S),  0 ERROR(S)
