C51 COMPILER V9.01   MAIN                                                                  03/25/2021 18:57:41 PAGE 1   


C51 COMPILER V9.01, COMPILATION OF MODULE MAIN
OBJECT MODULE PLACED IN main.OBJ
COMPILER INVOKED BY: E:\Program_Soft\C51Keil\C51\BIN\C51.EXE main.c BROWSE DEBUG OBJECTEXTEND

line level    source

   1          #include "reg52.h"
   2          
   3          typedef unsigned char u8;
   4          typedef unsigned int u16;
   5          
   6          sbit LSA=P2^2;
   7          sbit LSB=P2^3;
   8          sbit LSC=P2^4;
   9          
  10          #define GPIO_KEY P1
  11          #define GPIO_DIG P0
  12          
  13          u8 keyvalue;
  14          
  15          //code
  16          u8 smgduan[]={0x3f,0x06,0x5b,0x4f,0x66,0x6d,0x7d,0x07
  17          ,0x7f,0x6f,0x77,0x7c,0x39,0x5e,0x79,0x71};
  18          
  19          void delay(u16 i){
  20   1              while(i--);
  21   1      }
  22          
  23          void KyeDown(){
  24   1               u8 a=0;        
  25   1               GPIO_KEY=0x0f;
  26   1               if(GPIO_KEY!=0x0f){
  27   2                      delay(1000); //10ms消抖
  28   2                      if(GPIO_KEY!=0x0f){
  29   3                              GPIO_KEY=0x0f;
  30   3                              switch(GPIO_KEY){
  31   4                              //p17->p10 0000 1111 这个位置
  32   4                                      case(0x07): keyvalue=0;break;
  33   4                                      case(0x0b): keyvalue=1;break;
  34   4                                      case(0x0d): keyvalue=2;break;
  35   4                                      case(0x0e): keyvalue=3;break;
  36   4                              }
  37   3                              GPIO_KEY=0xf0;
  38   3                              switch(GPIO_KEY){
  39   4                              //p17->p10 1111 0000 这个位置
  40   4                                      case(0x70): keyvalue=keyvalue;break;
  41   4                                      case(0xb0): keyvalue=keyvalue+4;break;
  42   4                                      case(0xd0): keyvalue=keyvalue+8;break;
  43   4                                      case(0xe0): keyvalue=keyvalue+12;break;
  44   4                              }
  45   3                              while((a<50)&&(GPIO_KEY!=0xf0)){
  46   4                                      delay(1000); //10ms
  47   4                                      a++;
  48   4                              }
  49   3                      }
  50   2               }
  51   1      }
  52          
  53          
  54          void main(){
  55   1      
C51 COMPILER V9.01   MAIN                                                                  03/25/2021 18:57:41 PAGE 2   

  56   1              LSA=0;
  57   1              LSB=0;
  58   1              LSC=0;
  59   1                      
  60   1              while(1){
  61   2                      KyeDown();
  62   2                      GPIO_DIG=smgduan[keyvalue];
  63   2              }
  64   1              
  65   1      }


MODULE INFORMATION:   STATIC OVERLAYABLE
   CODE SIZE        =    160    ----
   CONSTANT SIZE    =   ----    ----
   XDATA SIZE       =   ----    ----
   PDATA SIZE       =   ----    ----
   DATA SIZE        =     17       1
   IDATA SIZE       =   ----    ----
   BIT SIZE         =   ----    ----
END OF MODULE INFORMATION.


C51 COMPILATION COMPLETE.  0 WARNING(S),  0 ERROR(S)
