C51 COMPILER V9.01   MAIN                                                                  04/07/2021 18:27:28 PAGE 1   


C51 COMPILER V9.01, COMPILATION OF MODULE MAIN
OBJECT MODULE PLACED IN main.OBJ
COMPILER INVOKED BY: E:\Program_Soft\C51Keil\C51\BIN\C51.EXE main.c BROWSE DEBUG OBJECTEXTEND

line level    source

   1          #include "reg52.h"
   2          #include "temp.h"
   3          
   4          // 重定义
   5          typedef unsigned char u8;
   6          typedef unsigned int u16;
   7          
   8          
   9          sbit LSA=P2^2;
  10          sbit LSB=P2^3;
  11          sbit LSC=P2^4;
  12          
  13          
  14          u8 code smgduan[10]={0x3f,0x06,0x5b,0x4f,0x66,0x6d,0x7d,0x07
  15          ,0x7f,0x6f};   //0-9的值
  16          
  17          u8 num=0, disp[4];
  18          
  19          void delay(u16 i){
  20   1              while(i--);
  21   1      }
  22          
  23          
  24          void Datapros(){
  25   1              disp[0]=smgduan[num/1000];      //1200 2
  26   1              disp[1]=smgduan[num%1000/100];
  27   1              disp[2]=smgduan[num%1000%100/10]; //10位
  28   1              disp[3]=smgduan[num%1000%100%10]; //个位        
  29   1      }
  30          
  31          void DigDisplay(){
  32   1              u8 i;
  33   1              for(i=0; i<4;i++){
  34   2                      switch(i){
  35   3                              case 0: //0
  36   3                                LSA=0;
  37   3                                LSB=0;
  38   3                                LSC=0;
  39   3                              break;
  40   3      
  41   3                              case 1:
  42   3                                LSA=1;
  43   3                                LSB=0;
  44   3                                LSC=0;
  45   3                              break;
  46   3      
  47   3                              case 2:
  48   3                                LSA=0;
  49   3                                LSB=1;
  50   3                                LSC=0;
  51   3                              break;
  52   3      
  53   3                              case 3:
  54   3                                LSA=1;
  55   3                                LSB=1;
C51 COMPILER V9.01   MAIN                                                                  04/07/2021 18:27:28 PAGE 2   

  56   3                                LSC=0;
  57   3                              break;
  58   3                      }
  59   2      
  60   2                      P0=disp[3-i]; //发送断码
  61   2                      delay(100); //1ms
  62   2                      //消隐 不然显示错误
  63   2                      P0=0x00;
  64   2              }
  65   1      } 
  66          
  67          void main(){
  68   1              
  69   1          while(1){
  70   2              
  71   2                      Datapros();
  72   2                      DigDisplay();
  73   2              }
  74   1      }
  75          
  76          
  77          


MODULE INFORMATION:   STATIC OVERLAYABLE
   CODE SIZE        =    215    ----
   CONSTANT SIZE    =     10    ----
   XDATA SIZE       =   ----    ----
   PDATA SIZE       =   ----    ----
   DATA SIZE        =      5    ----
   IDATA SIZE       =   ----    ----
   BIT SIZE         =   ----    ----
END OF MODULE INFORMATION.


C51 COMPILATION COMPLETE.  0 WARNING(S),  0 ERROR(S)
