C51 COMPILER V9.01   TEMP                                                                  04/08/2021 19:47:42 PAGE 1   


C51 COMPILER V9.01, COMPILATION OF MODULE TEMP
OBJECT MODULE PLACED IN temp.OBJ
COMPILER INVOKED BY: E:\Program_Soft\C51Keil\C51\BIN\C51.EXE temp.c BROWSE DEBUG OBJECTEXTEND

line level    source

   1          #include "temp.h"
   2          
   3          void Delay1ms(uint y)
   4          {
   5   1              uint x;
   6   1              for(;y>0;y--){
   7   2                      for(x=110;x>0;x--);
   8   2              }
   9   1      }
  10          
  11          // 初始化 1存在 0 不存在
  12          uchar Ds18b20Init()
  13          {
  14   1              uchar i;
  15   1              DSPORT = 0;                      //将总线拉低480us~960us
  16   1              i = 70; 
  17   1              while(i--);//延时642us
  18   1              DSPORT = 1;                     //然后拉高总线，如果DS18B20做出反应会将在15us~60us后总线拉低
  19   1              i = 0;
  20   1              while(DSPORT)   //等待DS18B20拉低总线
  21   1              {
  22   2                      Delay1ms(1);
  23   2                      i++;
  24   2                      if(i>5)//等待>5MS
  25   2                      {
  26   3                              return 0;//初始化失败
  27   3                      }
  28   2              
  29   2              }
  30   1              return 1;//初始化成功
  31   1      }
  32          
  33          void Ds18b20WriteByte(uchar dat)
  34          {
  35   1              uint i, j;
  36   1      
  37   1              for(j=0; j<8; j++)
  38   1              {
  39   2                      DSPORT = 0;               //每写入一位数据之前先把总线拉低1us
  40   2                      i++;
  41   2                      DSPORT = dat & 0x01;  //然后写入一个数据，从最低位开始
  42   2                      i = 6;
  43   2                      while(i--); //延时68us，持续时间最少60us
  44   2                      DSPORT = 1;     //然后释放总线，至少1us给总线恢复时间才能接着写入第二个数值
  45   2                      dat >>= 1;
  46   2              }
  47   1      }
  48          
  49          uchar Ds18b20ReadByte()
  50          {
  51   1              uint i,j;
  52   1              uchar bi,byte;
  53   1              for(j=8;j>0;j--){
  54   2                      DSPORT=0;
  55   2                      i++; //延时
C51 COMPILER V9.01   TEMP                                                                  04/08/2021 19:47:42 PAGE 2   

  56   2                      DSPORT=1;
  57   2                      i++;
  58   2                      i++;  //6us        // 1   1000 0000     = 0100 0001
  59   2                      bi=DSPORT;       //0
  60   2                      byte=(byte>>1)|(bi<<7);
  61   2                      i=4;
  62   2                      while(i--); //大于45us
  63   2      
  64   2              }
  65   1              return byte;
  66   1      }
  67          
  68          
  69          void Ds18b20ChangeTemp()
  70          {
  71   1              Ds18b20Init();
  72   1              Delay1ms(1);  //1ms
  73   1              Ds18b20WriteByte(0xcc);
  74   1              Ds18b20WriteByte(0x44);
  75   1      }
  76          
  77          
  78          void Ds18b20ReadTempCom()
  79          {
  80   1              Ds18b20Init();
  81   1              Delay1ms(1);  //1ms
  82   1              Ds18b20WriteByte(0xcc);
  83   1              Ds18b20WriteByte(0xbe); 
  84   1      }
  85          
  86          int Ds18b20ReadTemp()
  87          {
  88   1              int temp=0;
  89   1              uchar tmh,tml;
  90   1              Ds18b20ChangeTemp();
  91   1              Ds18b20ReadTempCom();
  92   1              tml=Ds18b20ReadByte();
  93   1              tmh=Ds18b20ReadByte();
  94   1              temp=tmh;
  95   1              temp<<=8;
  96   1              temp|=tml;
  97   1              return temp;
  98   1      }


MODULE INFORMATION:   STATIC OVERLAYABLE
   CODE SIZE        =    234    ----
   CONSTANT SIZE    =   ----    ----
   XDATA SIZE       =   ----    ----
   PDATA SIZE       =   ----    ----
   DATA SIZE        =   ----       3
   IDATA SIZE       =   ----    ----
   BIT SIZE         =   ----    ----
END OF MODULE INFORMATION.


C51 COMPILATION COMPLETE.  0 WARNING(S),  0 ERROR(S)
