C51 COMPILER V9.01   MAIN                                                                  03/26/2021 19:16:58 PAGE 1   


C51 COMPILER V9.01, COMPILATION OF MODULE MAIN
OBJECT MODULE PLACED IN main.OBJ
COMPILER INVOKED BY: E:\Program_Soft\C51Keil\C51\BIN\C51.EXE main.c BROWSE DEBUG OBJECTEXTEND

line level    source

   1          #include "reg51.h"
   2          #include "intrins.h"
   3          
   4          typedef unsigned char u8;
   5          typedef unsigned int u16;
   6          
   7          sbit SRCLK=P3^6;
   8          sbit RCLK=P3^5;
   9          sbit SER=P3^4;
  10          
  11          
  12          u8 ledduan[]={0x00,0x00,0x3e,0x41,0x41,0x41,0x3e,0x00};
  13          u8 ledwei[]={0x7f,0xbf,0xdf,0xef,0xf7,0xfb,0xfd,0xfe};
  14          /*******************************************************************************
  15          * 函 数 名         : delay
  16          * 函数功能                 : 延时函数，i=1时，大约延时10us
  17          *******************************************************************************/
  18          void delay(u16 i)
  19          {
  20   1              while(i--);     
  21   1      }
  22          
  23          /*******************************************************************************
  24          * 函数名         : Hc595SendByte(u8 dat)
  25          * 函数功能                 : 向74HC595发送一个字节的数据
  26          * 输入           : 无
  27          * 输出           : 无
  28          *******************************************************************************/
  29          void Hc595SendByte(u8 dat)
  30          {
  31   1              u8 a;
  32   1              SRCLK=0;
  33   1              RCLK=0;
  34   1              for(a=0;a<8;a++)
  35   1              {
  36   2                      SER=dat>>7;
  37   2                      dat<<=1;
  38   2      
  39   2                      SRCLK=1;
  40   2                      _nop_();
  41   2                      _nop_();
  42   2                      SRCLK=0;        
  43   2              }
  44   1      
  45   1              RCLK=1;
  46   1              _nop_();
  47   1              _nop_();
  48   1              RCLK=0;
  49   1      }
  50          
  51          /*******************************************************************************
  52          * 函 数 名       : main
  53          * 函数功能               : 主函数
  54          * 输    入       : 无
  55          * 输    出       : 无
C51 COMPILER V9.01   MAIN                                                                  03/26/2021 19:16:58 PAGE 2   

  56          *******************************************************************************/
  57          void main()
  58          {                       
  59   1              u8 i;
  60   1              while(1)
  61   1              {
  62   2                      P0=0x7f;
  63   2                      for(i=0;i<8;i++)
  64   2                      {
  65   3                              P0=ledwei[i];             //位选
  66   3                              Hc595SendByte(ledduan[i]);      //发送段选数据
  67   3                              delay(100);                //延时
  68   3                              Hc595SendByte(0x00);  //消隐
  69   3                      }       
  70   2              }               
  71   1      }
  72          
  73          /*
  74          u8 ledduan[]={0x00,0x00,0x3e,0x41,0x41,0x41,0x3e,0x00};
  75          u8 ledwei[]={0x7f,0xbf,0xdf,0xef,0xf7,0xfb,0xfd,0xfe};
  76          
  77          
  78          void delay(u16 i){
  79                  while(i--);
  80          }
  81          
  82          
  83          void Hc595SendByte(u8 dat){
  84            u8 a;
  85            SRCLK=0;
  86            RCLK=0;
  87            for(a=0;a<8;a++){
  88                   SER=dat>>7;
  89                   dat<<=1; // 1001 1001 >>7=1  1001 1001 <<1 = 0011 0010
  90                   SRCLK=1;
  91                   _nop_(); //为了保险起见 延时
  92                   _nop_();
  93                   SRCLK=0;
  94            }
  95            
  96            RCLK=1;
  97            _nop_(); //为了保险起见 延时
  98            _nop_();
  99            RCLK=0;
 100                  
 101          }
 102          
 103          
 104          void main(){
 105              u8 i;
 106                  while(1){
 107                          P0=0x7f;
 108                          for(i=0;i<8;i++){
 109                                  P0=ledwei[i];
 110                                  Hc595SendByte(ledduan[i]);
 111                                  delay(100);
 112                                  Hc595SendByte(0x00);
 113                          }
 114                  }
 115          }  */


C51 COMPILER V9.01   MAIN                                                                  03/26/2021 19:16:58 PAGE 3   

MODULE INFORMATION:   STATIC OVERLAYABLE
   CODE SIZE        =     88    ----
   CONSTANT SIZE    =   ----    ----
   XDATA SIZE       =   ----    ----
   PDATA SIZE       =   ----    ----
   DATA SIZE        =     16    ----
   IDATA SIZE       =   ----    ----
   BIT SIZE         =   ----    ----
END OF MODULE INFORMATION.


C51 COMPILATION COMPLETE.  0 WARNING(S),  0 ERROR(S)
