C51 COMPILER V9.01   MAIN                                                                  03/27/2021 12:46:44 PAGE 1   


C51 COMPILER V9.01, COMPILATION OF MODULE MAIN
OBJECT MODULE PLACED IN main.OBJ
COMPILER INVOKED BY: E:\Program_Soft\C51Keil\C51\BIN\C51.EXE main.c BROWSE DEBUG OBJECTEXTEND

line level    source

   1          #include "reg52.h"
   2          
   3          typedef unsigned char u8;
   4          typedef unsigned int u16;
   5          
   6          sbit led=P2^0;
   7          sbit k3=P3^2;
   8          sbit k4=P3^3;
   9          
  10          void delay(u16 i){
  11   1              while(i--);
  12   1      }
  13          
  14          void Int0Init(){
  15   1      // 3 个条件同时满足
  16   1              IT0=1;
  17   1              EX0=1;
  18   1              EA=1; //CPU总中断       
  19   1      }
  20          
  21          void Int1Init(){
  22   1              IT1=1;
  23   1              EX1=1;
  24   1              EA=1; //CPU总中断       
  25   1      }
  26          
  27          // 中断号
  28          void Int0() interrupt 0{
  29   1              delay(1000); //延时10ms
  30   1              if(k3==0){
  31   2                      led=~led;
  32   2              }
  33   1      }
  34          
  35          // 外部中断1
  36          void Int1() interrupt 2{
  37   1              delay(1000); //延时10ms
  38   1              if(k4==0){
  39   2                      led=~led;
  40   2              }
  41   1      }
  42          
  43          
  44          void main(){
  45   1              Int0Init();
  46   1              Int1Init();
  47   1              while(1);
  48   1      }


MODULE INFORMATION:   STATIC OVERLAYABLE
   CODE SIZE        =    105    ----
   CONSTANT SIZE    =   ----    ----
   XDATA SIZE       =   ----    ----
   PDATA SIZE       =   ----    ----
C51 COMPILER V9.01   MAIN                                                                  03/27/2021 12:46:44 PAGE 2   

   DATA SIZE        =   ----    ----
   IDATA SIZE       =   ----    ----
   BIT SIZE         =   ----    ----
END OF MODULE INFORMATION.


C51 COMPILATION COMPLETE.  0 WARNING(S),  0 ERROR(S)
