C51 COMPILER V9.01   MAIN                                                                  03/22/2021 21:30:43 PAGE 1   


C51 COMPILER V9.01, COMPILATION OF MODULE MAIN
OBJECT MODULE PLACED IN main.OBJ
COMPILER INVOKED BY: E:\Program_Soft\C51Keil\C51\BIN\C51.EXE main.c BROWSE DEBUG OBJECTEXTEND

line level    source

   1          #include "reg52.h"
   2          
   3          typedef unsigned char u8;
   4          typedef unsigned int u16;
   5          
   6          sbit LSA=P2^2;
   7          sbit LSB=P2^3;
   8          sbit LSC=P2^4;
   9          //code
  10          u8 smgduan[]={0x3f,0x06,0x5b,0x4f,0x66,0x6d,0x7d,0x07
  11          ,0x7f,0x6f,0x77,0x7c,0x39,0x5e,0x79,0x71};
  12          
  13          delay(u16 i){
  14   1              while(i--);
  15   1      }
  16          
  17          void main(){
  18   1              while(1){
  19   2                      int i=0;
  20   2                      LSA=0;
  21   2                      LSB=0;
  22   2                      LSC=0;
  23   2                      for(i=0;i<sizeof(smgduan);i++){
  24   3                              P0=smgduan[i];
  25   3                              delay(50000);
  26   3                      }
  27   2              //while(1);
  28   2              }
  29   1      }
*** WARNING C290 IN LINE 15 OF MAIN.C: missing return value


MODULE INFORMATION:   STATIC OVERLAYABLE
   CODE SIZE        =     62    ----
   CONSTANT SIZE    =   ----    ----
   XDATA SIZE       =   ----    ----
   PDATA SIZE       =   ----    ----
   DATA SIZE        =     16       2
   IDATA SIZE       =   ----    ----
   BIT SIZE         =   ----    ----
END OF MODULE INFORMATION.


C51 COMPILATION COMPLETE.  1 WARNING(S),  0 ERROR(S)
