C51 COMPILER V9.01   MAIN                                                                  03/31/2021 19:23:01 PAGE 1   


C51 COMPILER V9.01, COMPILATION OF MODULE MAIN
OBJECT MODULE PLACED IN main.OBJ
COMPILER INVOKED BY: E:\Program_Soft\C51Keil\C51\BIN\C51.EXE main.c BROWSE DEBUG OBJECTEXTEND

line level    source

   1          #include "reg52.h"
   2          
   3          // 重定义
   4          typedef unsigned char u8;
   5          typedef unsigned int u16;
   6          
   7          sbit led = P2^0;  // D1 指示灯
   8          
   9          void Timer0Init(){               // Timer1Init
  10   1              TMOD|=0x01;      // TMOD|0x01;   TMOD|=0x10;   |是改变干扰
  11   1              TH0 = 0xFC;               // TL1 ET1 TH1
  12   1              TL0 = 0x18;
  13   1              ET0=1;
  14   1              EA=1;
  15   1              TR0=1;
  16   1      
  17   1      }
  18          
  19          
  20          void main(){
  21   1              Timer0Init();   // Timer1Init
  22   1          while(1);
  23   1      }
  24          
  25          void Timer0() interrupt 1{      // Timer1 3
  26   1              static u16 i;
  27   1              TH0 = 0xFC;             // TH1 TL1
  28   1              TL0 = 0x18;
  29   1              i++;
  30   1              if(i==1000){    //累加1000次 1s
  31   2                      i=0;
  32   2                      led=~led;       
  33   2              }
  34   1      }


MODULE INFORMATION:   STATIC OVERLAYABLE
   CODE SIZE        =     60    ----
   CONSTANT SIZE    =   ----    ----
   XDATA SIZE       =   ----    ----
   PDATA SIZE       =   ----    ----
   DATA SIZE        =      2    ----
   IDATA SIZE       =   ----    ----
   BIT SIZE         =   ----    ----
END OF MODULE INFORMATION.


C51 COMPILATION COMPLETE.  0 WARNING(S),  0 ERROR(S)
