C51 COMPILER V9.01   MAIN                                                                  03/19/2021 19:02:05 PAGE 1   


C51 COMPILER V9.01, COMPILATION OF MODULE MAIN
OBJECT MODULE PLACED IN main.OBJ
COMPILER INVOKED BY: E:\Program_Soft\C51Keil\C51\BIN\C51.EXE main.c BROWSE DEBUG OBJECTEXTEND

line level    source

   1          #include "reg52.h"
   2          
   3          // 重定义
   4          typedef unsigned char u8;
   5          typedef unsigned int u16;
   6          
   7          sbit led = P2^0;  // D1 指示灯
   8          
   9          
  10           void delay(u16 i){
  11   1                while(i--);
  12   1       }
  13          
  14          void main(){
  15   1          while(1){
  16   2                      led = 0;
  17   2                      delay(50000);
  18   2                      led = 1;
  19   2                      delay(50000);                   
  20   2              }
  21   1      }


MODULE INFORMATION:   STATIC OVERLAYABLE
   CODE SIZE        =     31    ----
   CONSTANT SIZE    =   ----    ----
   XDATA SIZE       =   ----    ----
   PDATA SIZE       =   ----    ----
   DATA SIZE        =   ----    ----
   IDATA SIZE       =   ----    ----
   BIT SIZE         =   ----    ----
END OF MODULE INFORMATION.


C51 COMPILATION COMPLETE.  0 WARNING(S),  0 ERROR(S)
