C51 COMPILER V9.01   MAIN                                                                  03/23/2021 18:57:20 PAGE 1   


C51 COMPILER V9.01, COMPILATION OF MODULE MAIN
OBJECT MODULE PLACED IN main.OBJ
COMPILER INVOKED BY: E:\Program_Soft\C51Keil\C51\BIN\C51.EXE main.c BROWSE DEBUG OBJECTEXTEND

line level    source

   1          #include "reg52.h"
   2          
   3          typedef unsigned char u8;
   4          typedef unsigned int u16;
   5          
   6          sbit LSA=P2^2;
   7          sbit LSB=P2^3;
   8          sbit LSC=P2^4;
   9          //code
  10          u8 smgduan[]={0x3f,0x06,0x5b,0x4f,0x66,0x6d,0x7d,0x07
  11          ,0x7f,0x6f,0x77,0x7c,0x39,0x5e,0x79,0x71};
  12          
  13          
  14          void delay(u16 i){
  15   1              while(i--);
  16   1      }
  17          
  18          void DigDisplay(){
  19   1              u8 i;
  20   1              for(i=0; i<8;i++){
  21   2                      switch(i){
  22   3                              case 0: //0
  23   3                                LSA=0;
  24   3                                LSB=0;
  25   3                                LSC=0;
  26   3                              break;
  27   3      
  28   3                              case 1:
  29   3                                LSA=1;
  30   3                                LSB=0;
  31   3                                LSC=0;
  32   3                              break;
  33   3      
  34   3                              case 2:
  35   3                                LSA=0;
  36   3                                LSB=1;
  37   3                                LSC=0;
  38   3                              break;
  39   3      
  40   3                              case 3:
  41   3                                LSA=1;
  42   3                                LSB=1;
  43   3                                LSC=0;
  44   3                              break;
  45   3      
  46   3                              case 4:
  47   3                                LSA=0;
  48   3                                LSB=0;
  49   3                                LSC=1;
  50   3                              break;
  51   3      
  52   3                              case 5:
  53   3                                LSA=1;
  54   3                                LSB=0;
  55   3                                LSC=1;
C51 COMPILER V9.01   MAIN                                                                  03/23/2021 18:57:20 PAGE 2   

  56   3                              break;
  57   3      
  58   3                              case 6:
  59   3                                LSA=0;
  60   3                                LSB=1;
  61   3                                LSC=1;
  62   3                              break;
  63   3      
  64   3                              case 7:
  65   3                                LSA=1;
  66   3                                LSB=1;
  67   3                                LSC=1;
  68   3                              break;
  69   3                      }
  70   2      
  71   2                      P0=smgduan[i+1];
  72   2                      delay(100000); //1ms
  73   2                      //消隐 不然显示错误
  74   2                      P0=0x00;
  75   2              }
  76   1      }
  77          
  78          
  79          void main(){
  80   1              while(1){
  81   2                      DigDisplay();
  82   2              }
  83   1      }


MODULE INFORMATION:   STATIC OVERLAYABLE
   CODE SIZE        =    125    ----
   CONSTANT SIZE    =   ----    ----
   XDATA SIZE       =   ----    ----
   PDATA SIZE       =   ----    ----
   DATA SIZE        =     16    ----
   IDATA SIZE       =   ----    ----
   BIT SIZE         =   ----    ----
END OF MODULE INFORMATION.


C51 COMPILATION COMPLETE.  0 WARNING(S),  0 ERROR(S)
