C51 COMPILER V9.01   MAIN                                                                  04/03/2021 09:37:46 PAGE 1   


C51 COMPILER V9.01, COMPILATION OF MODULE MAIN
OBJECT MODULE PLACED IN main.OBJ
COMPILER INVOKED BY: E:\Program_Soft\C51Keil\C51\BIN\C51.EXE main.c BROWSE DEBUG OBJECTEXTEND

line level    source

   1          #include "reg52.h"
   2          
   3          // 重定义
   4          typedef unsigned char u8;
   5          typedef unsigned int u16;
   6          
   7          //初始化串口
   8          void UsartInit(){
   9   1              TMOD=0X20;
  10   1              TH1=0xF3; // 或者选择F9
  11   1              TL1=0xF3;
  12   1      
  13   1              PCON=0x80;               //4800
  14   1              TR1=1;
  15   1              SCON=0x50;
  16   1      
  17   1              ES=1;
  18   1              EA=1;
  19   1      }
  20          
  21          
  22          void main(){
  23   1              UsartInit();
  24   1          while(1);
  25   1      }
  26          
  27          void Usart() interrupt 4{
  28   1         u8 receiveData;
  29   1         receiveData=SBUF;
  30   1         RI=0;
  31   1         SBUF=receiveData;
  32   1         while(!TI);
  33   1         TI=0;        
  34   1      }
  35          
  36          


MODULE INFORMATION:   STATIC OVERLAYABLE
   CODE SIZE        =     50    ----
   CONSTANT SIZE    =   ----    ----
   XDATA SIZE       =   ----    ----
   PDATA SIZE       =   ----    ----
   DATA SIZE        =   ----    ----
   IDATA SIZE       =   ----    ----
   BIT SIZE         =   ----    ----
END OF MODULE INFORMATION.


C51 COMPILATION COMPLETE.  0 WARNING(S),  0 ERROR(S)
